Sun Jul 26 11:28:13 CST 2015  [debug] AvalonLogSystem initialized using logfile '/home/helloworld/MyEclipse2014/.metadata/.plugins/com.genuitec.eclipse.templates/velocity.log'
Sun Jul 26 11:28:13 CST 2015   [info] ************************************************************** 
Sun Jul 26 11:28:13 CST 2015   [info] Starting Jakarta Velocity v1.4
Sun Jul 26 11:28:13 CST 2015   [info] RuntimeInstance initializing.
Sun Jul 26 11:28:13 CST 2015   [info] Default Properties File: org/apache/velocity/runtime/defaults/velocity.properties
Sun Jul 26 11:28:13 CST 2015   [info] Trying to use logger class org.apache.velocity.runtime.log.AvalonLogSystem
Sun Jul 26 11:28:13 CST 2015   [info] Using logger class org.apache.velocity.runtime.log.AvalonLogSystem
Sun Jul 26 11:28:13 CST 2015   [info] Default ResourceManager initializing. (class org.apache.velocity.runtime.resource.ResourceManagerImpl)
Sun Jul 26 11:28:13 CST 2015   [info] Resource Loader Instantiated: com.genuitec.eclipse.templates.internal.PluginResourceLoader
Sun Jul 26 11:28:13 CST 2015   [info] ResourceCache : initialized. (class org.apache.velocity.runtime.resource.ResourceCacheImpl)
Sun Jul 26 11:28:13 CST 2015   [info] Default ResourceManager initialization complete.
Sun Jul 26 11:28:13 CST 2015   [info] Loaded System Directive: org.apache.velocity.runtime.directive.Literal
Sun Jul 26 11:28:13 CST 2015   [info] Loaded System Directive: org.apache.velocity.runtime.directive.Macro
Sun Jul 26 11:28:13 CST 2015   [info] Loaded System Directive: org.apache.velocity.runtime.directive.Parse
Sun Jul 26 11:28:13 CST 2015   [info] Loaded System Directive: org.apache.velocity.runtime.directive.Include
Sun Jul 26 11:28:13 CST 2015   [info] Loaded System Directive: org.apache.velocity.runtime.directive.Foreach
Sun Jul 26 11:28:13 CST 2015   [info] Created: 20 parsers.
Sun Jul 26 11:28:13 CST 2015   [info] Velocimacro : initialization starting.
Sun Jul 26 11:28:13 CST 2015   [info] Velocimacro : adding VMs from VM library template : VM_global_library.vm
Sun Jul 26 11:28:13 CST 2015   [info] ResourceManager : found VM_global_library.vm with loader com.genuitec.eclipse.templates.internal.PluginResourceLoader
Sun Jul 26 11:28:13 CST 2015   [info] Velocimacro :  VM library template macro registration complete.
Sun Jul 26 11:28:13 CST 2015   [info] Velocimacro : allowInline = true : VMs can be defined inline in templates
Sun Jul 26 11:28:13 CST 2015   [info] Velocimacro : allowInlineToOverride = true : VMs defined inline may replace previous VM definitions
Sun Jul 26 11:28:13 CST 2015   [info] Velocimacro : allowInlineLocal = true : VMs defined inline will be local to their defining template only.
Sun Jul 26 11:28:13 CST 2015   [info] Velocimacro : messages on  : VM system will output logging messages
Sun Jul 26 11:28:13 CST 2015   [info] Velocimacro : autoload off  : VM system will not automatically reload global library macros
Sun Jul 26 11:28:13 CST 2015   [info] Velocimacro : initialization complete.
Sun Jul 26 11:28:13 CST 2015   [info] Velocity successfully started.
Sun Jul 26 11:28:13 CST 2015   [info] ResourceManager : found /templates/velocity/welcome/Jsp.vtl with loader com.genuitec.eclipse.templates.internal.PluginResourceLoader
